android/app/build/intermediates/manifest_merge_blame_file/debug/manifest-merger-blame-debug-report.txt
1<?xml version="1.0" encoding="utf-8"?>
2<manifest xmlns:android="http://schemas.android.com/apk/res/android"
3    package="com.chattingrandompeople"
4    android:versionCode="1"
5    android:versionName="1.0" >
6
7    <uses-sdk
8        android:minSdkVersion="21"
9        android:targetSdkVersion="33" />
10
11    <uses-permission android:name="android.permission.SYSTEM_ALERT_WINDOW" />
11-->src\debug\AndroidManifest.xml:5:5-77
11-->src\debug\AndroidManifest.xml:5:22-75
12    <uses-permission android:name="android.permission.INTERNET" />
12-->src\main\AndroidManifest.xml:3:5-67
12-->src\main\AndroidManifest.xml:3:22-64
13    <uses-permission android:name="android.permission.READ_MEDIA_IMAGES" />
13-->src\main\AndroidManifest.xml:4:5-76
13-->src\main\AndroidManifest.xml:4:22-73
14    <uses-permission android:name="android.permission.READ_MEDIA_VIDEO" />
14-->src\main\AndroidManifest.xml:5:5-75
14-->src\main\AndroidManifest.xml:5:22-72
15    <uses-permission android:name="android.permission.READ_EXTERNAL_STORAGE" />
15-->src\main\AndroidManifest.xml:6:5-80
15-->src\main\AndroidManifest.xml:6:22-77
16    <uses-permission android:name="android.permission.WRITE_EXTERNAL_STORAGE" />
16-->src\main\AndroidManifest.xml:7:5-81
16-->src\main\AndroidManifest.xml:7:22-78
17    <uses-permission android:name="android.permission.ACCESS_WIFI_STATE" />
17-->[com.facebook.flipper:flipper:0.182.0] AndroidManifest.xml:16:5-76
17-->[com.facebook.flipper:flipper:0.182.0] AndroidManifest.xml:16:22-73
18
19    <queries>
19-->[com.facebook.android:facebook-common:15.2.0] AndroidManifest.xml:17:5-19:15
20        <package android:name="com.facebook.katana" />
20-->[com.facebook.android:facebook-common:15.2.0] AndroidManifest.xml:18:9-55
20-->[com.facebook.android:facebook-common:15.2.0] AndroidManifest.xml:18:18-52
21    </queries>
22
23    <uses-permission android:name="com.google.android.gms.permission.AD_ID" />
23-->[com.facebook.android:facebook-core:15.2.0] AndroidManifest.xml:16:5-79
23-->[com.facebook.android:facebook-core:15.2.0] AndroidManifest.xml:16:22-76
24    <uses-permission android:name="com.google.android.finsky.permission.BIND_GET_INSTALL_REFERRER_SERVICE" />
24-->[com.android.installreferrer:installreferrer:1.0] AndroidManifest.xml:9:5-110
24-->[com.android.installreferrer:installreferrer:1.0] AndroidManifest.xml:9:22-107
25
26    <application
26-->src\main\AndroidManifest.xml:9:5-47:19
27        android:name="com.chattingrandompeople.MainApplication"
27-->src\main\AndroidManifest.xml:11:7-38
28        android:allowBackup="false"
28-->src\main\AndroidManifest.xml:15:7-34
29        android:appComponentFactory="androidx.core.app.CoreComponentFactory"
29-->[androidx.core:core:1.7.0] AndroidManifest.xml:24:18-86
30        android:debuggable="true"
31        android:icon="@mipmap/ic_launcher"
31-->src\main\AndroidManifest.xml:13:7-41
32        android:label="@string/app_name"
32-->src\main\AndroidManifest.xml:12:7-39
33        android:requestLegacyExternalStorage="true"
33-->src\main\AndroidManifest.xml:10:7-50
34        android:roundIcon="@mipmap/ic_launcher_round"
34-->src\main\AndroidManifest.xml:14:7-52
35        android:supportsRtl="true"
35-->[com.facebook.android:facebook-android-sdk:15.2.0] AndroidManifest.xml:16:18-44
36        android:theme="@style/AppTheme"
36-->src\main\AndroidManifest.xml:16:7-38
37        android:usesCleartextTraffic="true" >
37-->src\debug\AndroidManifest.xml:8:9-44
38        <activity
38-->src\debug\AndroidManifest.xml:11:9-111
39            android:name="com.facebook.react.devsupport.DevSettingsActivity"
39-->src\debug\AndroidManifest.xml:11:19-83
40            android:exported="false" />
40-->src\debug\AndroidManifest.xml:11:84-108
41
42        <meta-data
42-->src\main\AndroidManifest.xml:17:7-105
43            android:name="com.facebook.sdk.ApplicationId"
43-->src\main\AndroidManifest.xml:17:18-63
44            android:value="@string/facebook_app_id" />
44-->src\main\AndroidManifest.xml:17:64-103
45        <meta-data
45-->src\main\AndroidManifest.xml:18:7-109
46            android:name="com.facebook.sdk.ClientToken"
46-->src\main\AndroidManifest.xml:18:18-61
47            android:value="@string/facebook_client_token" />
47-->src\main\AndroidManifest.xml:18:62-107
48
49        <activity
49-->src\main\AndroidManifest.xml:20:7-23:44
50            android:name="com.facebook.FacebookActivity"
50-->src\main\AndroidManifest.xml:20:17-61
51            android:configChanges="keyboard|keyboardHidden|screenLayout|screenSize|orientation"
51-->src\main\AndroidManifest.xml:21:9-109
52            android:label="@string/app_name"
52-->src\main\AndroidManifest.xml:23:9-41
53            android:theme="@style/com_facebook_activity_theme" />
53-->[com.facebook.android:facebook-common:15.2.0] AndroidManifest.xml:25:13-63
54        <activity
54-->src\main\AndroidManifest.xml:24:7-33:18
55            android:name="com.facebook.CustomTabActivity"
55-->src\main\AndroidManifest.xml:25:9-54
56            android:exported="true" >
56-->src\main\AndroidManifest.xml:26:9-32
57            <intent-filter>
57-->src\main\AndroidManifest.xml:27:9-32:25
58                <action android:name="android.intent.action.VIEW" />
58-->src\main\AndroidManifest.xml:28:13-65
58-->src\main\AndroidManifest.xml:28:21-62
59
60                <category android:name="android.intent.category.DEFAULT" />
60-->src\main\AndroidManifest.xml:29:13-72
60-->src\main\AndroidManifest.xml:29:23-69
61                <category android:name="android.intent.category.BROWSABLE" />
61-->src\main\AndroidManifest.xml:30:13-74
61-->src\main\AndroidManifest.xml:30:23-71
62
63                <data android:scheme="@string/fb_login_protocol_scheme" />
63-->src\main\AndroidManifest.xml:31:13-71
63-->src\main\AndroidManifest.xml:31:19-68
64            </intent-filter>
65            <intent-filter>
65-->[com.facebook.android:facebook-common:15.2.0] AndroidManifest.xml:31:13-40:29
66                <action android:name="android.intent.action.VIEW" />
66-->src\main\AndroidManifest.xml:28:13-65
66-->src\main\AndroidManifest.xml:28:21-62
67
68                <category android:name="android.intent.category.DEFAULT" />
68-->src\main\AndroidManifest.xml:29:13-72
68-->src\main\AndroidManifest.xml:29:23-69
69                <category android:name="android.intent.category.BROWSABLE" />
69-->src\main\AndroidManifest.xml:30:13-74
69-->src\main\AndroidManifest.xml:30:23-71
70
71                <data
71-->src\main\AndroidManifest.xml:31:13-71
72                    android:host="cct.com.chattingrandompeople"
73                    android:scheme="fbconnect" />
73-->src\main\AndroidManifest.xml:31:19-68
74            </intent-filter>
75        </activity>
76        <activity
76-->src\main\AndroidManifest.xml:35:7-46:18
77            android:name="com.chattingrandompeople.MainActivity"
77-->src\main\AndroidManifest.xml:36:9-37
78            android:configChanges="keyboard|keyboardHidden|orientation|screenLayout|screenSize|smallestScreenSize|uiMode"
78-->src\main\AndroidManifest.xml:38:9-118
79            android:exported="true"
79-->src\main\AndroidManifest.xml:41:9-32
80            android:label="@string/app_name"
80-->src\main\AndroidManifest.xml:37:9-41
81            android:launchMode="singleTask"
81-->src\main\AndroidManifest.xml:39:9-40
82            android:windowSoftInputMode="adjustResize" >
82-->src\main\AndroidManifest.xml:40:9-51
83            <intent-filter>
83-->src\main\AndroidManifest.xml:42:9-45:25
84                <action android:name="android.intent.action.MAIN" />
84-->src\main\AndroidManifest.xml:43:13-65
84-->src\main\AndroidManifest.xml:43:21-62
85
86                <category android:name="android.intent.category.LAUNCHER" />
86-->src\main\AndroidManifest.xml:44:13-73
86-->src\main\AndroidManifest.xml:44:23-70
87            </intent-filter>
88        </activity>
89        <activity android:name="com.facebook.CustomTabMainActivity" />
89-->[com.facebook.android:facebook-common:15.2.0] AndroidManifest.xml:26:9-71
89-->[com.facebook.android:facebook-common:15.2.0] AndroidManifest.xml:26:19-68
90        <!--
91         The initialization ContentProvider will call FacebookSdk.sdkInitialize automatically
92         with the application context. This config is merged in with the host app's manifest,
93         but there can only be one provider with the same authority activated at any given
94         point; so if the end user has two or more different apps that use Facebook SDK, only the
95         first one will be able to use the provider. To work around this problem, we use the
96         following placeholder in the authority to identify each host application as if it was
97         a completely different provider.
98        -->
99        <provider
99-->[com.facebook.android:facebook-core:15.2.0] AndroidManifest.xml:29:9-32:40
100            android:name="com.facebook.internal.FacebookInitProvider"
100-->[com.facebook.android:facebook-core:15.2.0] AndroidManifest.xml:30:13-70
101            android:authorities="com.chattingrandompeople.FacebookInitProvider"
101-->[com.facebook.android:facebook-core:15.2.0] AndroidManifest.xml:31:13-72
102            android:exported="false" />
102-->[com.facebook.android:facebook-core:15.2.0] AndroidManifest.xml:32:13-37
103
104        <receiver
104-->[com.facebook.android:facebook-core:15.2.0] AndroidManifest.xml:34:9-40:20
105            android:name="com.facebook.CurrentAccessTokenExpirationBroadcastReceiver"
105-->[com.facebook.android:facebook-core:15.2.0] AndroidManifest.xml:35:13-86
106            android:exported="false" >
106-->[com.facebook.android:facebook-core:15.2.0] AndroidManifest.xml:36:13-37
107            <intent-filter>
107-->[com.facebook.android:facebook-core:15.2.0] AndroidManifest.xml:37:13-39:29
108                <action android:name="com.facebook.sdk.ACTION_CURRENT_ACCESS_TOKEN_CHANGED" />
108-->[com.facebook.android:facebook-core:15.2.0] AndroidManifest.xml:38:17-95
108-->[com.facebook.android:facebook-core:15.2.0] AndroidManifest.xml:38:25-92
109            </intent-filter>
110        </receiver>
111        <receiver
111-->[com.facebook.android:facebook-core:15.2.0] AndroidManifest.xml:41:9-47:20
112            android:name="com.facebook.AuthenticationTokenManager$CurrentAuthenticationTokenChangedBroadcastReceiver"
112-->[com.facebook.android:facebook-core:15.2.0] AndroidManifest.xml:42:13-118
113            android:exported="false" >
113-->[com.facebook.android:facebook-core:15.2.0] AndroidManifest.xml:43:13-37
114            <intent-filter>
114-->[com.facebook.android:facebook-core:15.2.0] AndroidManifest.xml:44:13-46:29
115                <action android:name="com.facebook.sdk.ACTION_CURRENT_AUTHENTICATION_TOKEN_CHANGED" />
115-->[com.facebook.android:facebook-core:15.2.0] AndroidManifest.xml:45:17-103
115-->[com.facebook.android:facebook-core:15.2.0] AndroidManifest.xml:45:25-100
116            </intent-filter>
117        </receiver>
118
119        <meta-data
119-->[com.facebook.soloader:soloader:0.10.5] AndroidManifest.xml:12:9-14:37
120            android:name="com.facebook.soloader.enabled"
120-->[com.facebook.soloader:soloader:0.10.5] AndroidManifest.xml:13:13-57
121            android:value="false" />
121-->[com.facebook.soloader:soloader:0.10.5] AndroidManifest.xml:14:13-34
122
123        <provider
123-->[androidx.emoji2:emoji2:1.0.0] AndroidManifest.xml:26:9-34:20
124            android:name="androidx.startup.InitializationProvider"
124-->[androidx.emoji2:emoji2:1.0.0] AndroidManifest.xml:27:13-67
125            android:authorities="com.chattingrandompeople.androidx-startup"
125-->[androidx.emoji2:emoji2:1.0.0] AndroidManifest.xml:28:13-68
126            android:exported="false" >
126-->[androidx.emoji2:emoji2:1.0.0] AndroidManifest.xml:29:13-37
127            <meta-data
127-->[androidx.emoji2:emoji2:1.0.0] AndroidManifest.xml:31:13-33:52
128                android:name="androidx.emoji2.text.EmojiCompatInitializer"
128-->[androidx.emoji2:emoji2:1.0.0] AndroidManifest.xml:32:17-75
129                android:value="androidx.startup" />
129-->[androidx.emoji2:emoji2:1.0.0] AndroidManifest.xml:33:17-49
130            <meta-data
130-->[androidx.lifecycle:lifecycle-process:2.4.0] AndroidManifest.xml:31:13-33:52
131                android:name="androidx.lifecycle.ProcessLifecycleInitializer"
131-->[androidx.lifecycle:lifecycle-process:2.4.0] AndroidManifest.xml:32:17-78
132                android:value="androidx.startup" />
132-->[androidx.lifecycle:lifecycle-process:2.4.0] AndroidManifest.xml:33:17-49
133        </provider>
134    </application>
135
136</manifest>